000 (360323.000.000) 08/14 09:12:21 Job submitted from host: <192.168.100.50:9618?addrs=192.168.100.50-9618&noUDP&sock=1998602_505b_3>
...
001 (360323.000.000) 08/14 09:12:36 Job executing on host: <192.168.100.52:9618?addrs=192.168.100.52-9618&noUDP&sock=1070130_bfb6_4>
...
006 (360323.000.000) 08/14 09:12:44 Image size of job updated: 339028
	330  -  MemoryUsage of job (MB)
	337272  -  ResidentSetSize of job (KB)
...
006 (360323.000.000) 08/14 09:14:30 Image size of job updated: 4069976
	330  -  MemoryUsage of job (MB)
	337844  -  ResidentSetSize of job (KB)
...
005 (360323.000.000) 08/14 09:14:30 Job terminated.
	(1) Normal termination (return value 0)
		Usr 0 00:01:43, Sys 0 00:00:05  -  Run Remote Usage
		Usr 0 00:00:00, Sys 0 00:00:00  -  Run Local Usage
		Usr 0 00:01:43, Sys 0 00:00:05  -  Total Remote Usage
		Usr 0 00:00:00, Sys 0 00:00:00  -  Total Local Usage
	0  -  Run Bytes Sent By Job
	0  -  Run Bytes Received By Job
	0  -  Total Bytes Sent By Job
	0  -  Total Bytes Received By Job
	Partitionable Resources :    Usage  Request Allocated
	   Cpus                 :                 1         1
	   Disk (KB)            :        1        1    465402
	   Memory (MB)          :      330     2048      2048
...
000 (360367.000.000) 08/15 14:59:03 Job submitted from host: <192.168.100.50:9618?addrs=192.168.100.50-9618&noUDP&sock=1998602_505b_3>
...
001 (360367.000.000) 08/15 14:59:09 Job executing on host: <192.168.100.52:9618?addrs=192.168.100.52-9618&noUDP&sock=1070130_bfb6_4>
...
006 (360367.000.000) 08/15 14:59:17 Image size of job updated: 326872
	318  -  MemoryUsage of job (MB)
	325116  -  ResidentSetSize of job (KB)
...
006 (360367.000.000) 08/15 15:01:07 Image size of job updated: 4096720
	318  -  MemoryUsage of job (MB)
	325600  -  ResidentSetSize of job (KB)
...
005 (360367.000.000) 08/15 15:01:07 Job terminated.
	(1) Normal termination (return value 0)
		Usr 0 00:01:49, Sys 0 00:00:04  -  Run Remote Usage
		Usr 0 00:00:00, Sys 0 00:00:00  -  Run Local Usage
		Usr 0 00:01:49, Sys 0 00:00:04  -  Total Remote Usage
		Usr 0 00:00:00, Sys 0 00:00:00  -  Total Local Usage
	0  -  Run Bytes Sent By Job
	0  -  Run Bytes Received By Job
	0  -  Total Bytes Sent By Job
	0  -  Total Bytes Received By Job
	Partitionable Resources :    Usage  Request Allocated
	   Cpus                 :                 1         1
	   Disk (KB)            :        1        1    465402
	   Memory (MB)          :      318     2048      2048
...
